2023-11-16T05:26:19+00:00 CRITICAL Uncaught Error: Cannot use object of type WP_Error as array in /var/www/html/wp-content/plugins/royal-elementor-addons/modules/instagram-feed/widgets/wpr-instagram-feed.php:4950
Stack trace:
#0 /var/www/html/wp-content/plugins/royal-elementor-addons/modules/instagram-feed/widgets/wpr-instagram-feed.php(5516): WprAddons\Modules\InstagramFeed\Widgets\Wpr_Instagram_Feed->refresh_access_token('IGQVJXQjU0cWYtY...')
#1 /var/www/html/wp-content/plugins/elementor/includes/base/controls-stack.php(2265): WprAddons\Modules\InstagramFeed\Widgets\Wpr_Instagram_Feed->render()
#2 /var/www/html/wp-content/plugins/elementor/includes/base/widget-base.php(609): Elementor\Controls_Stack->render_by_mode()
#3 /var/www/html/wp-content/plugins/elementor/includes/base/widget-base.php(750): Elementor\Widget_Base->render_content()
#4 /var/www/html/wp-content/plugins/elementor/includes/base/element-base.php(464): Elementor\Widget_Base->print_content()
#5 /var/www/html/wp-content/plugins/elementor/includes/base/element-base.php(1375): Elementor\Element_Base->print_element()
#6 /var/www/html/wp-content/plugins/elementor/includes/base/element-base.php(464): Elementor\Element_Base->print_content()
#7 /var/www/html/wp-content/plugins/elementor/includes/base/element-base.php(1375): Elementor\Element_Base->print_element()
#8 /var/www/html/wp-content/plugins/elementor/includes/base/element-base.php(464): Elementor\Element_Base->print_content()
#9 /var/www/html/wp-content/plugins/elementor/includes/base/element-base.php(1375): Elementor\Element_Base->print_element()
#10 /var/www/html/wp-content/plugins/elementor/includes/base/element-base.php(464): Elementor\Element_Base->print_content()
#11 /var/www/html/wp-content/plugins/elementor/includes/base/element-base.php(1375): Elementor\Element_Base->print_element()
#12 /var/www/html/wp-content/plugins/elementor/includes/base/element-base.php(464): Elementor\Element_Base->print_content()
#13 /var/www/html/wp-content/plugins/elementor/core/base/document.php(1739): Elementor\Element_Base->print_element()
#14 /var/www/html/wp-content/plugins/elementor/core/base/document.php(1134): Elementor\Core\Base\Document->print_elements(Array)
#15 /var/www/html/wp-content/plugins/elementor/includes/frontend.php(1179): Elementor\Core\Base\Document->print_elements_with_wrapper(Array)
#16 /var/www/html/wp-content/plugins/elementor/includes/frontend.php(1247): Elementor\Frontend->get_builder_content(354, false)
#17 /var/www/html/wp-content/plugins/royal-elementor-addons/classes/utilities.php(440): Elementor\Frontend->get_builder_content_for_display(354, false)
#18 /var/www/html/wp-content/plugins/royal-elementor-addons/admin/includes/wpr-render-templates.php(163): WprAddons\Classes\Utilities::render_elementor_template('user-footer-eco...')
#19 /var/www/html/wp-includes/class-wp-hook.php(310): WprAddons\Admin\Includes\WPR_Render_Templates->add_canvas_footer('')
#20 /var/www/html/wp-includes/class-wp-hook.php(334): WP_Hook->apply_filters('', Array)
#21 /var/www/html/wp-includes/plugin.php(517): WP_Hook->do_action(Array)
#22 /var/www/html/wp-content/plugins/elementor/modules/page-templates/templates/canvas.php(47): do_action('elementor/page_...')
#23 /var/www/html/wp-includes/template-loader.php(106): include('/var/www/html/w...')
#24 /var/www/html/wp-blog-header.php(19): require_once('/var/www/html/w...')
#25 /var/www/html/index.php(17): require('/var/www/html/w...')
#26 {main}
  thrown dans /var/www/html/wp-content/plugins/royal-elementor-addons/modules/instagram-feed/widgets/wpr-instagram-feed.php à la ligne 4950

2023-11-16T05:30:52+00:00 CRITICAL Uncaught Error: Cannot use object of type WP_Error as array in /var/www/html/wp-content/plugins/royal-elementor-addons/modules/instagram-feed/widgets/wpr-instagram-feed.php:4950
Stack trace:
#0 /var/www/html/wp-content/plugins/royal-elementor-addons/modules/instagram-feed/widgets/wpr-instagram-feed.php(5516): WprAddons\Modules\InstagramFeed\Widgets\Wpr_Instagram_Feed->refresh_access_token('IGQVJXQjU0cWYtY...')
#1 /var/www/html/wp-content/plugins/elementor/includes/base/controls-stack.php(2265): WprAddons\Modules\InstagramFeed\Widgets\Wpr_Instagram_Feed->render()
#2 /var/www/html/wp-content/plugins/elementor/includes/base/widget-base.php(609): Elementor\Controls_Stack->render_by_mode()
#3 /var/www/html/wp-content/plugins/elementor/includes/base/widget-base.php(750): Elementor\Widget_Base->render_content()
#4 /var/www/html/wp-content/plugins/elementor/includes/base/element-base.php(464): Elementor\Widget_Base->print_content()
#5 /var/www/html/wp-content/plugins/elementor/includes/base/element-base.php(1375): Elementor\Element_Base->print_element()
#6 /var/www/html/wp-content/plugins/elementor/includes/base/element-base.php(464): Elementor\Element_Base->print_content()
#7 /var/www/html/wp-content/plugins/elementor/includes/base/element-base.php(1375): Elementor\Element_Base->print_element()
#8 /var/www/html/wp-content/plugins/elementor/includes/base/element-base.php(464): Elementor\Element_Base->print_content()
#9 /var/www/html/wp-content/plugins/elementor/includes/base/element-base.php(1375): Elementor\Element_Base->print_element()
#10 /var/www/html/wp-content/plugins/elementor/includes/base/element-base.php(464): Elementor\Element_Base->print_content()
#11 /var/www/html/wp-content/plugins/elementor/includes/base/element-base.php(1375): Elementor\Element_Base->print_element()
#12 /var/www/html/wp-content/plugins/elementor/includes/base/element-base.php(464): Elementor\Element_Base->print_content()
#13 /var/www/html/wp-content/plugins/elementor/core/base/document.php(1739): Elementor\Element_Base->print_element()
#14 /var/www/html/wp-content/plugins/elementor/core/base/document.php(1134): Elementor\Core\Base\Document->print_elements(Array)
#15 /var/www/html/wp-content/plugins/elementor/includes/frontend.php(1179): Elementor\Core\Base\Document->print_elements_with_wrapper(Array)
#16 /var/www/html/wp-content/plugins/elementor/includes/frontend.php(1247): Elementor\Frontend->get_builder_content(354, false)
#17 /var/www/html/wp-content/plugins/royal-elementor-addons/classes/utilities.php(440): Elementor\Frontend->get_builder_content_for_display(354, false)
#18 /var/www/html/wp-content/plugins/royal-elementor-addons/admin/includes/wpr-render-templates.php(163): WprAddons\Classes\Utilities::render_elementor_template('user-footer-eco...')
#19 /var/www/html/wp-includes/class-wp-hook.php(310): WprAddons\Admin\Includes\WPR_Render_Templates->add_canvas_footer('')
#20 /var/www/html/wp-includes/class-wp-hook.php(334): WP_Hook->apply_filters('', Array)
#21 /var/www/html/wp-includes/plugin.php(517): WP_Hook->do_action(Array)
#22 /var/www/html/wp-content/plugins/elementor/modules/page-templates/templates/canvas.php(47): do_action('elementor/page_...')
#23 /var/www/html/wp-includes/template-loader.php(106): include('/var/www/html/w...')
#24 /var/www/html/wp-blog-header.php(19): require_once('/var/www/html/w...')
#25 /var/www/html/index.php(17): require('/var/www/html/w...')
#26 {main}
  thrown dans /var/www/html/wp-content/plugins/royal-elementor-addons/modules/instagram-feed/widgets/wpr-instagram-feed.php à la ligne 4950

2023-11-16T05:49:39+00:00 CRITICAL Uncaught Error: Cannot use object of type WP_Error as array in /var/www/html/wp-content/plugins/royal-elementor-addons/modules/instagram-feed/widgets/wpr-instagram-feed.php:4950
Stack trace:
#0 /var/www/html/wp-content/plugins/royal-elementor-addons/modules/instagram-feed/widgets/wpr-instagram-feed.php(5516): WprAddons\Modules\InstagramFeed\Widgets\Wpr_Instagram_Feed->refresh_access_token('IGQVJXQjU0cWYtY...')
#1 /var/www/html/wp-content/plugins/elementor/includes/base/controls-stack.php(2265): WprAddons\Modules\InstagramFeed\Widgets\Wpr_Instagram_Feed->render()
#2 /var/www/html/wp-content/plugins/elementor/includes/base/widget-base.php(609): Elementor\Controls_Stack->render_by_mode()
#3 /var/www/html/wp-content/plugins/elementor/includes/base/widget-base.php(673): Elementor\Widget_Base->render_content()
#4 /var/www/html/wp-content/plugins/elementor/includes/db.php(202): Elementor\Widget_Base->render_plain_content()
#5 /var/www/html/wp-content/plugins/elementor/includes/db.php(208): Elementor\DB->render_element_plain_content(Array)
#6 /var/www/html/wp-content/plugins/elementor/includes/db.php(208): Elementor\DB->render_element_plain_content(Array)
#7 /var/www/html/wp-content/plugins/elementor/includes/db.php(208): Elementor\DB->render_element_plain_content(Array)
#8 /var/www/html/wp-content/plugins/elementor/includes/db.php(208): Elementor\DB->render_element_plain_content(Array)
#9 /var/www/html/wp-content/plugins/elementor/includes/db.php(558): Elementor\DB->render_element_plain_content(Array)
#10 /var/www/html/wp-content/plugins/elementor/includes/db.php(539): Elementor\DB->get_plain_text_from_data(Array)
#11 /var/www/html/wp-content/plugins/elementor/includes/db.php(230): Elementor\DB->get_plain_text(1586)
#12 /var/www/html/wp-content/plugins/elementor/core/base/document.php(1300): Elementor\DB->save_plain_text(1586)
#13 /var/www/html/wp-content/plugins/elementor/core/base/document.php(789): Elementor\Core\Base\Document->save_elements(Array)
#14 /var/www/html/wp-content/plugins/elementor/core/documents-manager.php(545): Elementor\Core\Base\Document->save(Array)
#15 [internal function]: Elementor\Core\Documents_Manager->ajax_save(Array, Object(Elementor\Core\Common\Modules\Ajax\Module))
#16 /var/www/html/wp-content/plugins/elementor/core/common/modules/ajax/module.php(176): call_user_func(Array, Array, Object(Elementor\Core\Common\Modules\Ajax\Module))
#17 /var/www/html/wp-includes/class-wp-hook.php(310): Elementor\Core\Common\Modules\Ajax\Module->handle_ajax_request('')
#18 /var/www/html/wp-includes/class-wp-hook.php(334): WP_Hook->apply_filters(NULL, Array)
#19 /var/www/html/wp-includes/plugin.php(517): WP_Hook->do_action(Array)
#20 /var/www/html/wp-admin/admin-ajax.php(188): do_action('wp_ajax_element...')
#21 {main}
  thrown dans /var/www/html/wp-content/plugins/royal-elementor-addons/modules/instagram-feed/widgets/wpr-instagram-feed.php à la ligne 4950

2023-11-16T06:59:25+00:00 CRITICAL Uncaught Error: Cannot use object of type WP_Error as array in /var/www/html/wp-content/plugins/royal-elementor-addons/modules/instagram-feed/widgets/wpr-instagram-feed.php:4950
Stack trace:
#0 /var/www/html/wp-content/plugins/royal-elementor-addons/modules/instagram-feed/widgets/wpr-instagram-feed.php(5516): WprAddons\Modules\InstagramFeed\Widgets\Wpr_Instagram_Feed->refresh_access_token('IGQVJXQjU0cWYtY...')
#1 /var/www/html/wp-content/plugins/elementor/includes/base/controls-stack.php(2265): WprAddons\Modules\InstagramFeed\Widgets\Wpr_Instagram_Feed->render()
#2 /var/www/html/wp-content/plugins/elementor/includes/base/widget-base.php(609): Elementor\Controls_Stack->render_by_mode()
#3 /var/www/html/wp-content/plugins/elementor/includes/base/widget-base.php(750): Elementor\Widget_Base->render_content()
#4 /var/www/html/wp-content/plugins/elementor/includes/base/element-base.php(464): Elementor\Widget_Base->print_content()
#5 /var/www/html/wp-content/plugins/elementor/includes/base/element-base.php(1375): Elementor\Element_Base->print_element()
#6 /var/www/html/wp-content/plugins/elementor/includes/base/element-base.php(464): Elementor\Element_Base->print_content()
#7 /var/www/html/wp-content/plugins/elementor/includes/base/element-base.php(1375): Elementor\Element_Base->print_element()
#8 /var/www/html/wp-content/plugins/elementor/includes/base/element-base.php(464): Elementor\Element_Base->print_content()
#9 /var/www/html/wp-content/plugins/elementor/includes/base/element-base.php(1375): Elementor\Element_Base->print_element()
#10 /var/www/html/wp-content/plugins/elementor/includes/base/element-base.php(464): Elementor\Element_Base->print_content()
#11 /var/www/html/wp-content/plugins/elementor/includes/base/element-base.php(1375): Elementor\Element_Base->print_element()
#12 /var/www/html/wp-content/plugins/elementor/includes/base/element-base.php(464): Elementor\Element_Base->print_content()
#13 /var/www/html/wp-content/plugins/elementor/core/base/document.php(1739): Elementor\Element_Base->print_element()
#14 /var/www/html/wp-content/plugins/elementor/core/base/document.php(1134): Elementor\Core\Base\Document->print_elements(Array)
#15 /var/www/html/wp-content/plugins/elementor/includes/frontend.php(1179): Elementor\Core\Base\Document->print_elements_with_wrapper(Array)
#16 /var/www/html/wp-content/plugins/elementor/includes/frontend.php(1247): Elementor\Frontend->get_builder_content(354, false)
#17 /var/www/html/wp-content/plugins/royal-elementor-addons/classes/utilities.php(440): Elementor\Frontend->get_builder_content_for_display(354, false)
#18 /var/www/html/wp-content/plugins/royal-elementor-addons/admin/includes/wpr-render-templates.php(163): WprAddons\Classes\Utilities::render_elementor_template('user-footer-eco...')
#19 /var/www/html/wp-includes/class-wp-hook.php(310): WprAddons\Admin\Includes\WPR_Render_Templates->add_canvas_footer('')
#20 /var/www/html/wp-includes/class-wp-hook.php(334): WP_Hook->apply_filters('', Array)
#21 /var/www/html/wp-includes/plugin.php(517): WP_Hook->do_action(Array)
#22 /var/www/html/wp-content/plugins/elementor/modules/page-templates/templates/canvas.php(47): do_action('elementor/page_...')
#23 /var/www/html/wp-includes/template-loader.php(106): include('/var/www/html/w...')
#24 /var/www/html/wp-blog-header.php(19): require_once('/var/www/html/w...')
#25 /var/www/html/index.php(17): require('/var/www/html/w...')
#26 {main}
  thrown dans /var/www/html/wp-content/plugins/royal-elementor-addons/modules/instagram-feed/widgets/wpr-instagram-feed.php à la ligne 4950

2023-11-16T07:03:20+00:00 CRITICAL Uncaught Error: Cannot use object of type WP_Error as array in /var/www/html/wp-content/plugins/royal-elementor-addons/modules/instagram-feed/widgets/wpr-instagram-feed.php:4950
Stack trace:
#0 /var/www/html/wp-content/plugins/royal-elementor-addons/modules/instagram-feed/widgets/wpr-instagram-feed.php(5516): WprAddons\Modules\InstagramFeed\Widgets\Wpr_Instagram_Feed->refresh_access_token('IGQVJXQjU0cWYtY...')
#1 /var/www/html/wp-content/plugins/elementor/includes/base/controls-stack.php(2265): WprAddons\Modules\InstagramFeed\Widgets\Wpr_Instagram_Feed->render()
#2 /var/www/html/wp-content/plugins/elementor/includes/base/widget-base.php(609): Elementor\Controls_Stack->render_by_mode()
#3 /var/www/html/wp-content/plugins/elementor/includes/base/widget-base.php(750): Elementor\Widget_Base->render_content()
#4 /var/www/html/wp-content/plugins/elementor/includes/base/element-base.php(464): Elementor\Widget_Base->print_content()
#5 /var/www/html/wp-content/plugins/elementor/includes/base/element-base.php(1375): Elementor\Element_Base->print_element()
#6 /var/www/html/wp-content/plugins/elementor/includes/base/element-base.php(464): Elementor\Element_Base->print_content()
#7 /var/www/html/wp-content/plugins/elementor/includes/base/element-base.php(1375): Elementor\Element_Base->print_element()
#8 /var/www/html/wp-content/plugins/elementor/includes/base/element-base.php(464): Elementor\Element_Base->print_content()
#9 /var/www/html/wp-content/plugins/elementor/includes/base/element-base.php(1375): Elementor\Element_Base->print_element()
#10 /var/www/html/wp-content/plugins/elementor/includes/base/element-base.php(464): Elementor\Element_Base->print_content()
#11 /var/www/html/wp-content/plugins/elementor/includes/base/element-base.php(1375): Elementor\Element_Base->print_element()
#12 /var/www/html/wp-content/plugins/elementor/includes/base/element-base.php(464): Elementor\Element_Base->print_content()
#13 /var/www/html/wp-content/plugins/elementor/core/base/document.php(1739): Elementor\Element_Base->print_element()
#14 /var/www/html/wp-content/plugins/elementor/core/base/document.php(1134): Elementor\Core\Base\Document->print_elements(Array)
#15 /var/www/html/wp-content/plugins/elementor/includes/frontend.php(1179): Elementor\Core\Base\Document->print_elements_with_wrapper(Array)
#16 /var/www/html/wp-content/plugins/elementor/includes/frontend.php(1247): Elementor\Frontend->get_builder_content(354, false)
#17 /var/www/html/wp-content/plugins/royal-elementor-addons/classes/utilities.php(440): Elementor\Frontend->get_builder_content_for_display(354, false)
#18 /var/www/html/wp-content/plugins/royal-elementor-addons/admin/includes/wpr-render-templates.php(163): WprAddons\Classes\Utilities::render_elementor_template('user-footer-eco...')
#19 /var/www/html/wp-includes/class-wp-hook.php(310): WprAddons\Admin\Includes\WPR_Render_Templates->add_canvas_footer('')
#20 /var/www/html/wp-includes/class-wp-hook.php(334): WP_Hook->apply_filters('', Array)
#21 /var/www/html/wp-includes/plugin.php(517): WP_Hook->do_action(Array)
#22 /var/www/html/wp-content/plugins/elementor/modules/page-templates/templates/canvas.php(47): do_action('elementor/page_...')
#23 /var/www/html/wp-includes/template-loader.php(106): include('/var/www/html/w...')
#24 /var/www/html/wp-blog-header.php(19): require_once('/var/www/html/w...')
#25 /var/www/html/index.php(17): require('/var/www/html/w...')
#26 {main}
  thrown dans /var/www/html/wp-content/plugins/royal-elementor-addons/modules/instagram-feed/widgets/wpr-instagram-feed.php à la ligne 4950

2023-11-16T18:07:31+00:00 CRITICAL Uncaught Error: Cannot use object of type WP_Error as array in /var/www/html/wp-content/plugins/royal-elementor-addons/modules/instagram-feed/widgets/wpr-instagram-feed.php:4950
Stack trace:
#0 /var/www/html/wp-content/plugins/royal-elementor-addons/modules/instagram-feed/widgets/wpr-instagram-feed.php(5516): WprAddons\Modules\InstagramFeed\Widgets\Wpr_Instagram_Feed->refresh_access_token('IGQVJXQjU0cWYtY...')
#1 /var/www/html/wp-content/plugins/elementor/includes/base/controls-stack.php(2265): WprAddons\Modules\InstagramFeed\Widgets\Wpr_Instagram_Feed->render()
#2 /var/www/html/wp-content/plugins/elementor/includes/base/widget-base.php(609): Elementor\Controls_Stack->render_by_mode()
#3 /var/www/html/wp-content/plugins/elementor/includes/base/widget-base.php(750): Elementor\Widget_Base->render_content()
#4 /var/www/html/wp-content/plugins/elementor/includes/base/element-base.php(464): Elementor\Widget_Base->print_content()
#5 /var/www/html/wp-content/plugins/elementor/includes/base/element-base.php(1375): Elementor\Element_Base->print_element()
#6 /var/www/html/wp-content/plugins/elementor/includes/base/element-base.php(464): Elementor\Element_Base->print_content()
#7 /var/www/html/wp-content/plugins/elementor/includes/base/element-base.php(1375): Elementor\Element_Base->print_element()
#8 /var/www/html/wp-content/plugins/elementor/includes/base/element-base.php(464): Elementor\Element_Base->print_content()
#9 /var/www/html/wp-content/plugins/elementor/includes/base/element-base.php(1375): Elementor\Element_Base->print_element()
#10 /var/www/html/wp-content/plugins/elementor/includes/base/element-base.php(464): Elementor\Element_Base->print_content()
#11 /var/www/html/wp-content/plugins/elementor/includes/base/element-base.php(1375): Elementor\Element_Base->print_element()
#12 /var/www/html/wp-content/plugins/elementor/includes/base/element-base.php(464): Elementor\Element_Base->print_content()
#13 /var/www/html/wp-content/plugins/elementor/core/base/document.php(1739): Elementor\Element_Base->print_element()
#14 /var/www/html/wp-content/plugins/elementor/core/base/document.php(1134): Elementor\Core\Base\Document->print_elements(Array)
#15 /var/www/html/wp-content/plugins/elementor/includes/frontend.php(1179): Elementor\Core\Base\Document->print_elements_with_wrapper(Array)
#16 /var/www/html/wp-content/plugins/elementor/includes/frontend.php(1247): Elementor\Frontend->get_builder_content(354, false)
#17 /var/www/html/wp-content/plugins/royal-elementor-addons/classes/utilities.php(440): Elementor\Frontend->get_builder_content_for_display(354, false)
#18 /var/www/html/wp-content/plugins/royal-elementor-addons/admin/includes/wpr-render-templates.php(163): WprAddons\Classes\Utilities::render_elementor_template('user-footer-eco...')
#19 /var/www/html/wp-includes/class-wp-hook.php(310): WprAddons\Admin\Includes\WPR_Render_Templates->add_canvas_footer('')
#20 /var/www/html/wp-includes/class-wp-hook.php(334): WP_Hook->apply_filters('', Array)
#21 /var/www/html/wp-includes/plugin.php(517): WP_Hook->do_action(Array)
#22 /var/www/html/wp-content/plugins/elementor/modules/page-templates/templates/canvas.php(47): do_action('elementor/page_...')
#23 /var/www/html/wp-includes/template-loader.php(106): include('/var/www/html/w...')
#24 /var/www/html/wp-blog-header.php(19): require_once('/var/www/html/w...')
#25 /var/www/html/index.php(17): require('/var/www/html/w...')
#26 {main}
  thrown dans /var/www/html/wp-content/plugins/royal-elementor-addons/modules/instagram-feed/widgets/wpr-instagram-feed.php à la ligne 4950

2023-11-16T18:17:39+00:00 CRITICAL Uncaught Error: Cannot use object of type WP_Error as array in /var/www/html/wp-content/plugins/royal-elementor-addons/modules/instagram-feed/widgets/wpr-instagram-feed.php:4950
Stack trace:
#0 /var/www/html/wp-content/plugins/royal-elementor-addons/modules/instagram-feed/widgets/wpr-instagram-feed.php(5516): WprAddons\Modules\InstagramFeed\Widgets\Wpr_Instagram_Feed->refresh_access_token('IGQVJXQjU0cWYtY...')
#1 /var/www/html/wp-content/plugins/elementor/includes/base/controls-stack.php(2265): WprAddons\Modules\InstagramFeed\Widgets\Wpr_Instagram_Feed->render()
#2 /var/www/html/wp-content/plugins/elementor/includes/base/widget-base.php(609): Elementor\Controls_Stack->render_by_mode()
#3 /var/www/html/wp-content/plugins/elementor/includes/base/widget-base.php(750): Elementor\Widget_Base->render_content()
#4 /var/www/html/wp-content/plugins/elementor/includes/base/element-base.php(464): Elementor\Widget_Base->print_content()
#5 /var/www/html/wp-content/plugins/elementor/includes/base/element-base.php(1375): Elementor\Element_Base->print_element()
#6 /var/www/html/wp-content/plugins/elementor/includes/base/element-base.php(464): Elementor\Element_Base->print_content()
#7 /var/www/html/wp-content/plugins/elementor/includes/base/element-base.php(1375): Elementor\Element_Base->print_element()
#8 /var/www/html/wp-content/plugins/elementor/includes/base/element-base.php(464): Elementor\Element_Base->print_content()
#9 /var/www/html/wp-content/plugins/elementor/includes/base/element-base.php(1375): Elementor\Element_Base->print_element()
#10 /var/www/html/wp-content/plugins/elementor/includes/base/element-base.php(464): Elementor\Element_Base->print_content()
#11 /var/www/html/wp-content/plugins/elementor/includes/base/element-base.php(1375): Elementor\Element_Base->print_element()
#12 /var/www/html/wp-content/plugins/elementor/includes/base/element-base.php(464): Elementor\Element_Base->print_content()
#13 /var/www/html/wp-content/plugins/elementor/core/base/document.php(1739): Elementor\Element_Base->print_element()
#14 /var/www/html/wp-content/plugins/elementor/core/base/document.php(1134): Elementor\Core\Base\Document->print_elements(Array)
#15 /var/www/html/wp-content/plugins/elementor/includes/frontend.php(1179): Elementor\Core\Base\Document->print_elements_with_wrapper(Array)
#16 /var/www/html/wp-content/plugins/elementor/includes/frontend.php(1247): Elementor\Frontend->get_builder_content(354, false)
#17 /var/www/html/wp-content/plugins/royal-elementor-addons/classes/utilities.php(440): Elementor\Frontend->get_builder_content_for_display(354, false)
#18 /var/www/html/wp-content/plugins/royal-elementor-addons/admin/includes/wpr-render-templates.php(163): WprAddons\Classes\Utilities::render_elementor_template('user-footer-eco...')
#19 /var/www/html/wp-includes/class-wp-hook.php(310): WprAddons\Admin\Includes\WPR_Render_Templates->add_canvas_footer('')
#20 /var/www/html/wp-includes/class-wp-hook.php(334): WP_Hook->apply_filters('', Array)
#21 /var/www/html/wp-includes/plugin.php(517): WP_Hook->do_action(Array)
#22 /var/www/html/wp-content/plugins/elementor/modules/page-templates/templates/canvas.php(47): do_action('elementor/page_...')
#23 /var/www/html/wp-includes/template-loader.php(106): include('/var/www/html/w...')
#24 /var/www/html/wp-blog-header.php(19): require_once('/var/www/html/w...')
#25 /var/www/html/index.php(17): require('/var/www/html/w...')
#26 {main}
  thrown dans /var/www/html/wp-content/plugins/royal-elementor-addons/modules/instagram-feed/widgets/wpr-instagram-feed.php à la ligne 4950

