2023-11-22T02:21:51+00:00 CRITICAL Uncaught Error: Cannot use object of type WP_Error as array in /var/www/html/wp-content/plugins/royal-elementor-addons/modules/instagram-feed/widgets/wpr-instagram-feed.php:4950
Stack trace:
#0 /var/www/html/wp-content/plugins/royal-elementor-addons/modules/instagram-feed/widgets/wpr-instagram-feed.php(5516): WprAddons\Modules\InstagramFeed\Widgets\Wpr_Instagram_Feed->refresh_access_token('IGQVJXQjU0cWYtY...')
#1 /var/www/html/wp-content/plugins/elementor/includes/base/controls-stack.php(2265): WprAddons\Modules\InstagramFeed\Widgets\Wpr_Instagram_Feed->render()
#2 /var/www/html/wp-content/plugins/elementor/includes/base/widget-base.php(609): Elementor\Controls_Stack->render_by_mode()
#3 /var/www/html/wp-content/plugins/elementor/includes/base/widget-base.php(750): Elementor\Widget_Base->render_content()
#4 /var/www/html/wp-content/plugins/elementor/includes/base/element-base.php(464): Elementor\Widget_Base->print_content()
#5 /var/www/html/wp-content/plugins/elementor/includes/base/element-base.php(1375): Elementor\Element_Base->print_element()
#6 /var/www/html/wp-content/plugins/elementor/includes/base/element-base.php(464): Elementor\Element_Base->print_content()
#7 /var/www/html/wp-content/plugins/elementor/includes/base/element-base.php(1375): Elementor\Element_Base->print_element()
#8 /var/www/html/wp-content/plugins/elementor/includes/base/element-base.php(464): Elementor\Element_Base->print_content()
#9 /var/www/html/wp-content/plugins/elementor/includes/base/element-base.php(1375): Elementor\Element_Base->print_element()
#10 /var/www/html/wp-content/plugins/elementor/includes/base/element-base.php(464): Elementor\Element_Base->print_content()
#11 /var/www/html/wp-content/plugins/elementor/includes/base/element-base.php(1375): Elementor\Element_Base->print_element()
#12 /var/www/html/wp-content/plugins/elementor/includes/base/element-base.php(464): Elementor\Element_Base->print_content()
#13 /var/www/html/wp-content/plugins/elementor/core/base/document.php(1739): Elementor\Element_Base->print_element()
#14 /var/www/html/wp-content/plugins/elementor/core/base/document.php(1134): Elementor\Core\Base\Document->print_elements(Array)
#15 /var/www/html/wp-content/plugins/elementor/includes/frontend.php(1179): Elementor\Core\Base\Document->print_elements_with_wrapper(Array)
#16 /var/www/html/wp-content/plugins/elementor/includes/frontend.php(1247): Elementor\Frontend->get_builder_content(354, false)
#17 /var/www/html/wp-content/plugins/royal-elementor-addons/classes/utilities.php(440): Elementor\Frontend->get_builder_content_for_display(354, false)
#18 /var/www/html/wp-content/plugins/royal-elementor-addons/admin/includes/wpr-render-templates.php(163): WprAddons\Classes\Utilities::render_elementor_template('user-footer-eco...')
#19 /var/www/html/wp-includes/class-wp-hook.php(310): WprAddons\Admin\Includes\WPR_Render_Templates->add_canvas_footer('')
#20 /var/www/html/wp-includes/class-wp-hook.php(334): WP_Hook->apply_filters('', Array)
#21 /var/www/html/wp-includes/plugin.php(517): WP_Hook->do_action(Array)
#22 /var/www/html/wp-content/plugins/royal-elementor-addons/admin/templates/wpr-canvas.php(61): do_action('elementor/page_...')
#23 /var/www/html/wp-includes/template-loader.php(106): include('/var/www/html/w...')
#24 /var/www/html/wp-blog-header.php(19): require_once('/var/www/html/w...')
#25 /var/www/html/index.php(17): require('/var/www/html/w...')
#26 {main}
  thrown dans /var/www/html/wp-content/plugins/royal-elementor-addons/modules/instagram-feed/widgets/wpr-instagram-feed.php à la ligne 4950

2023-11-22T02:22:40+00:00 CRITICAL Uncaught Error: Cannot use object of type WP_Error as array in /var/www/html/wp-content/plugins/royal-elementor-addons/modules/instagram-feed/widgets/wpr-instagram-feed.php:4950
Stack trace:
#0 /var/www/html/wp-content/plugins/royal-elementor-addons/modules/instagram-feed/widgets/wpr-instagram-feed.php(5516): WprAddons\Modules\InstagramFeed\Widgets\Wpr_Instagram_Feed->refresh_access_token('IGQVJXQjU0cWYtY...')
#1 /var/www/html/wp-content/plugins/elementor/includes/base/controls-stack.php(2265): WprAddons\Modules\InstagramFeed\Widgets\Wpr_Instagram_Feed->render()
#2 /var/www/html/wp-content/plugins/elementor/includes/base/widget-base.php(609): Elementor\Controls_Stack->render_by_mode()
#3 /var/www/html/wp-content/plugins/elementor/includes/base/widget-base.php(750): Elementor\Widget_Base->render_content()
#4 /var/www/html/wp-content/plugins/elementor/includes/base/element-base.php(464): Elementor\Widget_Base->print_content()
#5 /var/www/html/wp-content/plugins/elementor/includes/base/element-base.php(1375): Elementor\Element_Base->print_element()
#6 /var/www/html/wp-content/plugins/elementor/includes/base/element-base.php(464): Elementor\Element_Base->print_content()
#7 /var/www/html/wp-content/plugins/elementor/includes/base/element-base.php(1375): Elementor\Element_Base->print_element()
#8 /var/www/html/wp-content/plugins/elementor/includes/base/element-base.php(464): Elementor\Element_Base->print_content()
#9 /var/www/html/wp-content/plugins/elementor/includes/base/element-base.php(1375): Elementor\Element_Base->print_element()
#10 /var/www/html/wp-content/plugins/elementor/includes/base/element-base.php(464): Elementor\Element_Base->print_content()
#11 /var/www/html/wp-content/plugins/elementor/includes/base/element-base.php(1375): Elementor\Element_Base->print_element()
#12 /var/www/html/wp-content/plugins/elementor/includes/base/element-base.php(464): Elementor\Element_Base->print_content()
#13 /var/www/html/wp-content/plugins/elementor/core/base/document.php(1739): Elementor\Element_Base->print_element()
#14 /var/www/html/wp-content/plugins/elementor/core/base/document.php(1134): Elementor\Core\Base\Document->print_elements(Array)
#15 /var/www/html/wp-content/plugins/elementor/includes/frontend.php(1179): Elementor\Core\Base\Document->print_elements_with_wrapper(Array)
#16 /var/www/html/wp-content/plugins/elementor/includes/frontend.php(1247): Elementor\Frontend->get_builder_content(354, false)
#17 /var/www/html/wp-content/plugins/royal-elementor-addons/classes/utilities.php(440): Elementor\Frontend->get_builder_content_for_display(354, false)
#18 /var/www/html/wp-content/plugins/royal-elementor-addons/admin/includes/wpr-render-templates.php(163): WprAddons\Classes\Utilities::render_elementor_template('user-footer-eco...')
#19 /var/www/html/wp-includes/class-wp-hook.php(310): WprAddons\Admin\Includes\WPR_Render_Templates->add_canvas_footer('')
#20 /var/www/html/wp-includes/class-wp-hook.php(334): WP_Hook->apply_filters('', Array)
#21 /var/www/html/wp-includes/plugin.php(517): WP_Hook->do_action(Array)
#22 /var/www/html/wp-content/plugins/royal-elementor-addons/admin/templates/wpr-canvas.php(61): do_action('elementor/page_...')
#23 /var/www/html/wp-includes/template-loader.php(106): include('/var/www/html/w...')
#24 /var/www/html/wp-blog-header.php(19): require_once('/var/www/html/w...')
#25 /var/www/html/index.php(17): require('/var/www/html/w...')
#26 {main}
  thrown dans /var/www/html/wp-content/plugins/royal-elementor-addons/modules/instagram-feed/widgets/wpr-instagram-feed.php à la ligne 4950

2023-11-22T02:22:50+00:00 CRITICAL Uncaught Error: Cannot use object of type WP_Error as array in /var/www/html/wp-content/plugins/royal-elementor-addons/modules/instagram-feed/widgets/wpr-instagram-feed.php:4950
Stack trace:
#0 /var/www/html/wp-content/plugins/royal-elementor-addons/modules/instagram-feed/widgets/wpr-instagram-feed.php(5516): WprAddons\Modules\InstagramFeed\Widgets\Wpr_Instagram_Feed->refresh_access_token('IGQVJXQjU0cWYtY...')
#1 /var/www/html/wp-content/plugins/elementor/includes/base/controls-stack.php(2265): WprAddons\Modules\InstagramFeed\Widgets\Wpr_Instagram_Feed->render()
#2 /var/www/html/wp-content/plugins/elementor/includes/base/widget-base.php(609): Elementor\Controls_Stack->render_by_mode()
#3 /var/www/html/wp-content/plugins/elementor/includes/base/widget-base.php(750): Elementor\Widget_Base->render_content()
#4 /var/www/html/wp-content/plugins/elementor/includes/base/element-base.php(464): Elementor\Widget_Base->print_content()
#5 /var/www/html/wp-content/plugins/elementor/includes/base/element-base.php(1375): Elementor\Element_Base->print_element()
#6 /var/www/html/wp-content/plugins/elementor/includes/base/element-base.php(464): Elementor\Element_Base->print_content()
#7 /var/www/html/wp-content/plugins/elementor/includes/base/element-base.php(1375): Elementor\Element_Base->print_element()
#8 /var/www/html/wp-content/plugins/elementor/includes/base/element-base.php(464): Elementor\Element_Base->print_content()
#9 /var/www/html/wp-content/plugins/elementor/includes/base/element-base.php(1375): Elementor\Element_Base->print_element()
#10 /var/www/html/wp-content/plugins/elementor/includes/base/element-base.php(464): Elementor\Element_Base->print_content()
#11 /var/www/html/wp-content/plugins/elementor/includes/base/element-base.php(1375): Elementor\Element_Base->print_element()
#12 /var/www/html/wp-content/plugins/elementor/includes/base/element-base.php(464): Elementor\Element_Base->print_content()
#13 /var/www/html/wp-content/plugins/elementor/core/base/document.php(1739): Elementor\Element_Base->print_element()
#14 /var/www/html/wp-content/plugins/elementor/core/base/document.php(1134): Elementor\Core\Base\Document->print_elements(Array)
#15 /var/www/html/wp-content/plugins/elementor/includes/frontend.php(1179): Elementor\Core\Base\Document->print_elements_with_wrapper(Array)
#16 /var/www/html/wp-content/plugins/elementor/includes/frontend.php(1247): Elementor\Frontend->get_builder_content(354, false)
#17 /var/www/html/wp-content/plugins/royal-elementor-addons/classes/utilities.php(440): Elementor\Frontend->get_builder_content_for_display(354, false)
#18 /var/www/html/wp-content/plugins/royal-elementor-addons/admin/includes/wpr-render-templates.php(163): WprAddons\Classes\Utilities::render_elementor_template('user-footer-eco...')
#19 /var/www/html/wp-includes/class-wp-hook.php(310): WprAddons\Admin\Includes\WPR_Render_Templates->add_canvas_footer('')
#20 /var/www/html/wp-includes/class-wp-hook.php(334): WP_Hook->apply_filters('', Array)
#21 /var/www/html/wp-includes/plugin.php(517): WP_Hook->do_action(Array)
#22 /var/www/html/wp-content/plugins/royal-elementor-addons/admin/templates/wpr-canvas.php(61): do_action('elementor/page_...')
#23 /var/www/html/wp-includes/template-loader.php(106): include('/var/www/html/w...')
#24 /var/www/html/wp-blog-header.php(19): require_once('/var/www/html/w...')
#25 /var/www/html/index.php(17): require('/var/www/html/w...')
#26 {main}
  thrown dans /var/www/html/wp-content/plugins/royal-elementor-addons/modules/instagram-feed/widgets/wpr-instagram-feed.php à la ligne 4950

2023-11-22T02:22:56+00:00 CRITICAL Uncaught Error: Cannot use object of type WP_Error as array in /var/www/html/wp-content/plugins/royal-elementor-addons/modules/instagram-feed/widgets/wpr-instagram-feed.php:4950
Stack trace:
#0 /var/www/html/wp-content/plugins/royal-elementor-addons/modules/instagram-feed/widgets/wpr-instagram-feed.php(5516): WprAddons\Modules\InstagramFeed\Widgets\Wpr_Instagram_Feed->refresh_access_token('IGQVJXQjU0cWYtY...')
#1 /var/www/html/wp-content/plugins/elementor/includes/base/controls-stack.php(2265): WprAddons\Modules\InstagramFeed\Widgets\Wpr_Instagram_Feed->render()
#2 /var/www/html/wp-content/plugins/elementor/includes/base/widget-base.php(609): Elementor\Controls_Stack->render_by_mode()
#3 /var/www/html/wp-content/plugins/elementor/includes/base/widget-base.php(750): Elementor\Widget_Base->render_content()
#4 /var/www/html/wp-content/plugins/elementor/includes/base/element-base.php(464): Elementor\Widget_Base->print_content()
#5 /var/www/html/wp-content/plugins/elementor/includes/base/element-base.php(1375): Elementor\Element_Base->print_element()
#6 /var/www/html/wp-content/plugins/elementor/includes/base/element-base.php(464): Elementor\Element_Base->print_content()
#7 /var/www/html/wp-content/plugins/elementor/includes/base/element-base.php(1375): Elementor\Element_Base->print_element()
#8 /var/www/html/wp-content/plugins/elementor/includes/base/element-base.php(464): Elementor\Element_Base->print_content()
#9 /var/www/html/wp-content/plugins/elementor/includes/base/element-base.php(1375): Elementor\Element_Base->print_element()
#10 /var/www/html/wp-content/plugins/elementor/includes/base/element-base.php(464): Elementor\Element_Base->print_content()
#11 /var/www/html/wp-content/plugins/elementor/includes/base/element-base.php(1375): Elementor\Element_Base->print_element()
#12 /var/www/html/wp-content/plugins/elementor/includes/base/element-base.php(464): Elementor\Element_Base->print_content()
#13 /var/www/html/wp-content/plugins/elementor/core/base/document.php(1739): Elementor\Element_Base->print_element()
#14 /var/www/html/wp-content/plugins/elementor/core/base/document.php(1134): Elementor\Core\Base\Document->print_elements(Array)
#15 /var/www/html/wp-content/plugins/elementor/includes/frontend.php(1179): Elementor\Core\Base\Document->print_elements_with_wrapper(Array)
#16 /var/www/html/wp-content/plugins/elementor/includes/frontend.php(1247): Elementor\Frontend->get_builder_content(354, false)
#17 /var/www/html/wp-content/plugins/royal-elementor-addons/classes/utilities.php(440): Elementor\Frontend->get_builder_content_for_display(354, false)
#18 /var/www/html/wp-content/plugins/royal-elementor-addons/admin/includes/wpr-render-templates.php(163): WprAddons\Classes\Utilities::render_elementor_template('user-footer-eco...')
#19 /var/www/html/wp-includes/class-wp-hook.php(310): WprAddons\Admin\Includes\WPR_Render_Templates->add_canvas_footer('')
#20 /var/www/html/wp-includes/class-wp-hook.php(334): WP_Hook->apply_filters('', Array)
#21 /var/www/html/wp-includes/plugin.php(517): WP_Hook->do_action(Array)
#22 /var/www/html/wp-content/plugins/royal-elementor-addons/admin/templates/wpr-canvas.php(61): do_action('elementor/page_...')
#23 /var/www/html/wp-includes/template-loader.php(106): include('/var/www/html/w...')
#24 /var/www/html/wp-blog-header.php(19): require_once('/var/www/html/w...')
#25 /var/www/html/index.php(17): require('/var/www/html/w...')
#26 {main}
  thrown dans /var/www/html/wp-content/plugins/royal-elementor-addons/modules/instagram-feed/widgets/wpr-instagram-feed.php à la ligne 4950

2023-11-22T02:25:54+00:00 CRITICAL Uncaught Error: Cannot use object of type WP_Error as array in /var/www/html/wp-content/plugins/royal-elementor-addons/modules/instagram-feed/widgets/wpr-instagram-feed.php:4950
Stack trace:
#0 /var/www/html/wp-content/plugins/royal-elementor-addons/modules/instagram-feed/widgets/wpr-instagram-feed.php(5516): WprAddons\Modules\InstagramFeed\Widgets\Wpr_Instagram_Feed->refresh_access_token('IGQVJXQjU0cWYtY...')
#1 /var/www/html/wp-content/plugins/elementor/includes/base/controls-stack.php(2265): WprAddons\Modules\InstagramFeed\Widgets\Wpr_Instagram_Feed->render()
#2 /var/www/html/wp-content/plugins/elementor/includes/base/widget-base.php(609): Elementor\Controls_Stack->render_by_mode()
#3 /var/www/html/wp-content/plugins/elementor/includes/base/widget-base.php(750): Elementor\Widget_Base->render_content()
#4 /var/www/html/wp-content/plugins/elementor/includes/base/element-base.php(464): Elementor\Widget_Base->print_content()
#5 /var/www/html/wp-content/plugins/elementor/includes/base/element-base.php(1375): Elementor\Element_Base->print_element()
#6 /var/www/html/wp-content/plugins/elementor/includes/base/element-base.php(464): Elementor\Element_Base->print_content()
#7 /var/www/html/wp-content/plugins/elementor/includes/base/element-base.php(1375): Elementor\Element_Base->print_element()
#8 /var/www/html/wp-content/plugins/elementor/includes/base/element-base.php(464): Elementor\Element_Base->print_content()
#9 /var/www/html/wp-content/plugins/elementor/includes/base/element-base.php(1375): Elementor\Element_Base->print_element()
#10 /var/www/html/wp-content/plugins/elementor/includes/base/element-base.php(464): Elementor\Element_Base->print_content()
#11 /var/www/html/wp-content/plugins/elementor/includes/base/element-base.php(1375): Elementor\Element_Base->print_element()
#12 /var/www/html/wp-content/plugins/elementor/includes/base/element-base.php(464): Elementor\Element_Base->print_content()
#13 /var/www/html/wp-content/plugins/elementor/core/base/document.php(1739): Elementor\Element_Base->print_element()
#14 /var/www/html/wp-content/plugins/elementor/core/base/document.php(1134): Elementor\Core\Base\Document->print_elements(Array)
#15 /var/www/html/wp-content/plugins/elementor/includes/frontend.php(1179): Elementor\Core\Base\Document->print_elements_with_wrapper(Array)
#16 /var/www/html/wp-content/plugins/elementor/includes/frontend.php(1247): Elementor\Frontend->get_builder_content(354, false)
#17 /var/www/html/wp-content/plugins/royal-elementor-addons/classes/utilities.php(440): Elementor\Frontend->get_builder_content_for_display(354, false)
#18 /var/www/html/wp-content/plugins/royal-elementor-addons/admin/includes/wpr-render-templates.php(163): WprAddons\Classes\Utilities::render_elementor_template('user-footer-eco...')
#19 /var/www/html/wp-includes/class-wp-hook.php(310): WprAddons\Admin\Includes\WPR_Render_Templates->add_canvas_footer('')
#20 /var/www/html/wp-includes/class-wp-hook.php(334): WP_Hook->apply_filters('', Array)
#21 /var/www/html/wp-includes/plugin.php(517): WP_Hook->do_action(Array)
#22 /var/www/html/wp-content/plugins/royal-elementor-addons/admin/templates/wpr-canvas.php(61): do_action('elementor/page_...')
#23 /var/www/html/wp-includes/template-loader.php(106): include('/var/www/html/w...')
#24 /var/www/html/wp-blog-header.php(19): require_once('/var/www/html/w...')
#25 /var/www/html/index.php(17): require('/var/www/html/w...')
#26 {main}
  thrown dans /var/www/html/wp-content/plugins/royal-elementor-addons/modules/instagram-feed/widgets/wpr-instagram-feed.php à la ligne 4950

2023-11-22T02:33:07+00:00 CRITICAL Uncaught Error: Cannot use object of type WP_Error as array in /var/www/html/wp-content/plugins/royal-elementor-addons/modules/instagram-feed/widgets/wpr-instagram-feed.php:4950
Stack trace:
#0 /var/www/html/wp-content/plugins/royal-elementor-addons/modules/instagram-feed/widgets/wpr-instagram-feed.php(5516): WprAddons\Modules\InstagramFeed\Widgets\Wpr_Instagram_Feed->refresh_access_token('IGQVJXQjU0cWYtY...')
#1 /var/www/html/wp-content/plugins/elementor/includes/base/controls-stack.php(2265): WprAddons\Modules\InstagramFeed\Widgets\Wpr_Instagram_Feed->render()
#2 /var/www/html/wp-content/plugins/elementor/includes/base/widget-base.php(609): Elementor\Controls_Stack->render_by_mode()
#3 /var/www/html/wp-content/plugins/elementor/includes/base/widget-base.php(750): Elementor\Widget_Base->render_content()
#4 /var/www/html/wp-content/plugins/elementor/includes/base/element-base.php(464): Elementor\Widget_Base->print_content()
#5 /var/www/html/wp-content/plugins/elementor/includes/base/element-base.php(1375): Elementor\Element_Base->print_element()
#6 /var/www/html/wp-content/plugins/elementor/includes/base/element-base.php(464): Elementor\Element_Base->print_content()
#7 /var/www/html/wp-content/plugins/elementor/includes/base/element-base.php(1375): Elementor\Element_Base->print_element()
#8 /var/www/html/wp-content/plugins/elementor/includes/base/element-base.php(464): Elementor\Element_Base->print_content()
#9 /var/www/html/wp-content/plugins/elementor/includes/base/element-base.php(1375): Elementor\Element_Base->print_element()
#10 /var/www/html/wp-content/plugins/elementor/includes/base/element-base.php(464): Elementor\Element_Base->print_content()
#11 /var/www/html/wp-content/plugins/elementor/includes/base/element-base.php(1375): Elementor\Element_Base->print_element()
#12 /var/www/html/wp-content/plugins/elementor/includes/base/element-base.php(464): Elementor\Element_Base->print_content()
#13 /var/www/html/wp-content/plugins/elementor/core/base/document.php(1739): Elementor\Element_Base->print_element()
#14 /var/www/html/wp-content/plugins/elementor/core/base/document.php(1134): Elementor\Core\Base\Document->print_elements(Array)
#15 /var/www/html/wp-content/plugins/elementor/includes/frontend.php(1179): Elementor\Core\Base\Document->print_elements_with_wrapper(Array)
#16 /var/www/html/wp-content/plugins/elementor/includes/frontend.php(1247): Elementor\Frontend->get_builder_content(354, false)
#17 /var/www/html/wp-content/plugins/royal-elementor-addons/classes/utilities.php(440): Elementor\Frontend->get_builder_content_for_display(354, false)
#18 /var/www/html/wp-content/plugins/royal-elementor-addons/admin/includes/wpr-render-templates.php(163): WprAddons\Classes\Utilities::render_elementor_template('user-footer-eco...')
#19 /var/www/html/wp-includes/class-wp-hook.php(310): WprAddons\Admin\Includes\WPR_Render_Templates->add_canvas_footer('')
#20 /var/www/html/wp-includes/class-wp-hook.php(334): WP_Hook->apply_filters('', Array)
#21 /var/www/html/wp-includes/plugin.php(517): WP_Hook->do_action(Array)
#22 /var/www/html/wp-content/plugins/royal-elementor-addons/admin/templates/wpr-canvas.php(61): do_action('elementor/page_...')
#23 /var/www/html/wp-includes/template-loader.php(106): include('/var/www/html/w...')
#24 /var/www/html/wp-blog-header.php(19): require_once('/var/www/html/w...')
#25 /var/www/html/index.php(17): require('/var/www/html/w...')
#26 {main}
  thrown dans /var/www/html/wp-content/plugins/royal-elementor-addons/modules/instagram-feed/widgets/wpr-instagram-feed.php à la ligne 4950

2023-11-22T02:33:12+00:00 CRITICAL Uncaught Error: Cannot use object of type WP_Error as array in /var/www/html/wp-content/plugins/royal-elementor-addons/modules/instagram-feed/widgets/wpr-instagram-feed.php:4950
Stack trace:
#0 /var/www/html/wp-content/plugins/royal-elementor-addons/modules/instagram-feed/widgets/wpr-instagram-feed.php(5516): WprAddons\Modules\InstagramFeed\Widgets\Wpr_Instagram_Feed->refresh_access_token('IGQVJXQjU0cWYtY...')
#1 /var/www/html/wp-content/plugins/elementor/includes/base/controls-stack.php(2265): WprAddons\Modules\InstagramFeed\Widgets\Wpr_Instagram_Feed->render()
#2 /var/www/html/wp-content/plugins/elementor/includes/base/widget-base.php(609): Elementor\Controls_Stack->render_by_mode()
#3 /var/www/html/wp-content/plugins/elementor/includes/base/widget-base.php(750): Elementor\Widget_Base->render_content()
#4 /var/www/html/wp-content/plugins/elementor/includes/base/element-base.php(464): Elementor\Widget_Base->print_content()
#5 /var/www/html/wp-content/plugins/elementor/includes/base/element-base.php(1375): Elementor\Element_Base->print_element()
#6 /var/www/html/wp-content/plugins/elementor/includes/base/element-base.php(464): Elementor\Element_Base->print_content()
#7 /var/www/html/wp-content/plugins/elementor/includes/base/element-base.php(1375): Elementor\Element_Base->print_element()
#8 /var/www/html/wp-content/plugins/elementor/includes/base/element-base.php(464): Elementor\Element_Base->print_content()
#9 /var/www/html/wp-content/plugins/elementor/includes/base/element-base.php(1375): Elementor\Element_Base->print_element()
#10 /var/www/html/wp-content/plugins/elementor/includes/base/element-base.php(464): Elementor\Element_Base->print_content()
#11 /var/www/html/wp-content/plugins/elementor/includes/base/element-base.php(1375): Elementor\Element_Base->print_element()
#12 /var/www/html/wp-content/plugins/elementor/includes/base/element-base.php(464): Elementor\Element_Base->print_content()
#13 /var/www/html/wp-content/plugins/elementor/core/base/document.php(1739): Elementor\Element_Base->print_element()
#14 /var/www/html/wp-content/plugins/elementor/core/base/document.php(1134): Elementor\Core\Base\Document->print_elements(Array)
#15 /var/www/html/wp-content/plugins/elementor/includes/frontend.php(1179): Elementor\Core\Base\Document->print_elements_with_wrapper(Array)
#16 /var/www/html/wp-content/plugins/elementor/includes/frontend.php(1247): Elementor\Frontend->get_builder_content(354, false)
#17 /var/www/html/wp-content/plugins/royal-elementor-addons/classes/utilities.php(440): Elementor\Frontend->get_builder_content_for_display(354, false)
#18 /var/www/html/wp-content/plugins/royal-elementor-addons/admin/includes/wpr-render-templates.php(163): WprAddons\Classes\Utilities::render_elementor_template('user-footer-eco...')
#19 /var/www/html/wp-includes/class-wp-hook.php(310): WprAddons\Admin\Includes\WPR_Render_Templates->add_canvas_footer('')
#20 /var/www/html/wp-includes/class-wp-hook.php(334): WP_Hook->apply_filters('', Array)
#21 /var/www/html/wp-includes/plugin.php(517): WP_Hook->do_action(Array)
#22 /var/www/html/wp-content/plugins/royal-elementor-addons/admin/templates/wpr-canvas.php(61): do_action('elementor/page_...')
#23 /var/www/html/wp-includes/template-loader.php(106): include('/var/www/html/w...')
#24 /var/www/html/wp-blog-header.php(19): require_once('/var/www/html/w...')
#25 /var/www/html/index.php(17): require('/var/www/html/w...')
#26 {main}
  thrown dans /var/www/html/wp-content/plugins/royal-elementor-addons/modules/instagram-feed/widgets/wpr-instagram-feed.php à la ligne 4950

2023-11-22T02:33:40+00:00 CRITICAL Uncaught Error: Cannot use object of type WP_Error as array in /var/www/html/wp-content/plugins/royal-elementor-addons/modules/instagram-feed/widgets/wpr-instagram-feed.php:4950
Stack trace:
#0 /var/www/html/wp-content/plugins/royal-elementor-addons/modules/instagram-feed/widgets/wpr-instagram-feed.php(5516): WprAddons\Modules\InstagramFeed\Widgets\Wpr_Instagram_Feed->refresh_access_token('IGQVJXQjU0cWYtY...')
#1 /var/www/html/wp-content/plugins/elementor/includes/base/controls-stack.php(2265): WprAddons\Modules\InstagramFeed\Widgets\Wpr_Instagram_Feed->render()
#2 /var/www/html/wp-content/plugins/elementor/includes/base/widget-base.php(609): Elementor\Controls_Stack->render_by_mode()
#3 /var/www/html/wp-content/plugins/elementor/includes/base/widget-base.php(750): Elementor\Widget_Base->render_content()
#4 /var/www/html/wp-content/plugins/elementor/includes/base/element-base.php(464): Elementor\Widget_Base->print_content()
#5 /var/www/html/wp-content/plugins/elementor/includes/base/element-base.php(1375): Elementor\Element_Base->print_element()
#6 /var/www/html/wp-content/plugins/elementor/includes/base/element-base.php(464): Elementor\Element_Base->print_content()
#7 /var/www/html/wp-content/plugins/elementor/includes/base/element-base.php(1375): Elementor\Element_Base->print_element()
#8 /var/www/html/wp-content/plugins/elementor/includes/base/element-base.php(464): Elementor\Element_Base->print_content()
#9 /var/www/html/wp-content/plugins/elementor/includes/base/element-base.php(1375): Elementor\Element_Base->print_element()
#10 /var/www/html/wp-content/plugins/elementor/includes/base/element-base.php(464): Elementor\Element_Base->print_content()
#11 /var/www/html/wp-content/plugins/elementor/includes/base/element-base.php(1375): Elementor\Element_Base->print_element()
#12 /var/www/html/wp-content/plugins/elementor/includes/base/element-base.php(464): Elementor\Element_Base->print_content()
#13 /var/www/html/wp-content/plugins/elementor/core/base/document.php(1739): Elementor\Element_Base->print_element()
#14 /var/www/html/wp-content/plugins/elementor/core/base/document.php(1134): Elementor\Core\Base\Document->print_elements(Array)
#15 /var/www/html/wp-content/plugins/elementor/includes/frontend.php(1179): Elementor\Core\Base\Document->print_elements_with_wrapper(Array)
#16 /var/www/html/wp-content/plugins/elementor/includes/frontend.php(1247): Elementor\Frontend->get_builder_content(354, false)
#17 /var/www/html/wp-content/plugins/royal-elementor-addons/classes/utilities.php(440): Elementor\Frontend->get_builder_content_for_display(354, false)
#18 /var/www/html/wp-content/plugins/royal-elementor-addons/admin/includes/wpr-render-templates.php(163): WprAddons\Classes\Utilities::render_elementor_template('user-footer-eco...')
#19 /var/www/html/wp-includes/class-wp-hook.php(310): WprAddons\Admin\Includes\WPR_Render_Templates->add_canvas_footer('')
#20 /var/www/html/wp-includes/class-wp-hook.php(334): WP_Hook->apply_filters('', Array)
#21 /var/www/html/wp-includes/plugin.php(517): WP_Hook->do_action(Array)
#22 /var/www/html/wp-content/plugins/royal-elementor-addons/admin/templates/wpr-canvas.php(61): do_action('elementor/page_...')
#23 /var/www/html/wp-includes/template-loader.php(106): include('/var/www/html/w...')
#24 /var/www/html/wp-blog-header.php(19): require_once('/var/www/html/w...')
#25 /var/www/html/index.php(17): require('/var/www/html/w...')
#26 {main}
  thrown dans /var/www/html/wp-content/plugins/royal-elementor-addons/modules/instagram-feed/widgets/wpr-instagram-feed.php à la ligne 4950

2023-11-22T02:38:15+00:00 CRITICAL Uncaught Error: Cannot use object of type WP_Error as array in /var/www/html/wp-content/plugins/royal-elementor-addons/modules/instagram-feed/widgets/wpr-instagram-feed.php:4950
Stack trace:
#0 /var/www/html/wp-content/plugins/royal-elementor-addons/modules/instagram-feed/widgets/wpr-instagram-feed.php(5516): WprAddons\Modules\InstagramFeed\Widgets\Wpr_Instagram_Feed->refresh_access_token('IGQVJXQjU0cWYtY...')
#1 /var/www/html/wp-content/plugins/elementor/includes/base/controls-stack.php(2265): WprAddons\Modules\InstagramFeed\Widgets\Wpr_Instagram_Feed->render()
#2 /var/www/html/wp-content/plugins/elementor/includes/base/widget-base.php(609): Elementor\Controls_Stack->render_by_mode()
#3 /var/www/html/wp-content/plugins/elementor/includes/base/widget-base.php(750): Elementor\Widget_Base->render_content()
#4 /var/www/html/wp-content/plugins/elementor/includes/base/element-base.php(464): Elementor\Widget_Base->print_content()
#5 /var/www/html/wp-content/plugins/elementor/includes/base/element-base.php(1375): Elementor\Element_Base->print_element()
#6 /var/www/html/wp-content/plugins/elementor/includes/base/element-base.php(464): Elementor\Element_Base->print_content()
#7 /var/www/html/wp-content/plugins/elementor/includes/base/element-base.php(1375): Elementor\Element_Base->print_element()
#8 /var/www/html/wp-content/plugins/elementor/includes/base/element-base.php(464): Elementor\Element_Base->print_content()
#9 /var/www/html/wp-content/plugins/elementor/includes/base/element-base.php(1375): Elementor\Element_Base->print_element()
#10 /var/www/html/wp-content/plugins/elementor/includes/base/element-base.php(464): Elementor\Element_Base->print_content()
#11 /var/www/html/wp-content/plugins/elementor/includes/base/element-base.php(1375): Elementor\Element_Base->print_element()
#12 /var/www/html/wp-content/plugins/elementor/includes/base/element-base.php(464): Elementor\Element_Base->print_content()
#13 /var/www/html/wp-content/plugins/elementor/core/base/document.php(1739): Elementor\Element_Base->print_element()
#14 /var/www/html/wp-content/plugins/elementor/core/base/document.php(1134): Elementor\Core\Base\Document->print_elements(Array)
#15 /var/www/html/wp-content/plugins/elementor/includes/frontend.php(1179): Elementor\Core\Base\Document->print_elements_with_wrapper(Array)
#16 /var/www/html/wp-content/plugins/elementor/includes/frontend.php(1247): Elementor\Frontend->get_builder_content(354, false)
#17 /var/www/html/wp-content/plugins/royal-elementor-addons/classes/utilities.php(440): Elementor\Frontend->get_builder_content_for_display(354, false)
#18 /var/www/html/wp-content/plugins/royal-elementor-addons/admin/includes/wpr-render-templates.php(163): WprAddons\Classes\Utilities::render_elementor_template('user-footer-eco...')
#19 /var/www/html/wp-includes/class-wp-hook.php(310): WprAddons\Admin\Includes\WPR_Render_Templates->add_canvas_footer('')
#20 /var/www/html/wp-includes/class-wp-hook.php(334): WP_Hook->apply_filters('', Array)
#21 /var/www/html/wp-includes/plugin.php(517): WP_Hook->do_action(Array)
#22 /var/www/html/wp-content/plugins/royal-elementor-addons/admin/templates/wpr-canvas.php(61): do_action('elementor/page_...')
#23 /var/www/html/wp-includes/template-loader.php(106): include('/var/www/html/w...')
#24 /var/www/html/wp-blog-header.php(19): require_once('/var/www/html/w...')
#25 /var/www/html/index.php(17): require('/var/www/html/w...')
#26 {main}
  thrown dans /var/www/html/wp-content/plugins/royal-elementor-addons/modules/instagram-feed/widgets/wpr-instagram-feed.php à la ligne 4950

2023-11-22T03:44:16+00:00 CRITICAL Uncaught Error: Cannot use object of type WP_Error as array in /var/www/html/wp-content/plugins/royal-elementor-addons/modules/instagram-feed/widgets/wpr-instagram-feed.php:4950
Stack trace:
#0 /var/www/html/wp-content/plugins/royal-elementor-addons/modules/instagram-feed/widgets/wpr-instagram-feed.php(5516): WprAddons\Modules\InstagramFeed\Widgets\Wpr_Instagram_Feed->refresh_access_token('IGQVJXQjU0cWYtY...')
#1 /var/www/html/wp-content/plugins/elementor/includes/base/controls-stack.php(2265): WprAddons\Modules\InstagramFeed\Widgets\Wpr_Instagram_Feed->render()
#2 /var/www/html/wp-content/plugins/elementor/includes/base/widget-base.php(609): Elementor\Controls_Stack->render_by_mode()
#3 /var/www/html/wp-content/plugins/elementor/includes/base/widget-base.php(750): Elementor\Widget_Base->render_content()
#4 /var/www/html/wp-content/plugins/elementor/includes/base/element-base.php(464): Elementor\Widget_Base->print_content()
#5 /var/www/html/wp-content/plugins/elementor/includes/base/element-base.php(1375): Elementor\Element_Base->print_element()
#6 /var/www/html/wp-content/plugins/elementor/includes/base/element-base.php(464): Elementor\Element_Base->print_content()
#7 /var/www/html/wp-content/plugins/elementor/includes/base/element-base.php(1375): Elementor\Element_Base->print_element()
#8 /var/www/html/wp-content/plugins/elementor/includes/base/element-base.php(464): Elementor\Element_Base->print_content()
#9 /var/www/html/wp-content/plugins/elementor/includes/base/element-base.php(1375): Elementor\Element_Base->print_element()
#10 /var/www/html/wp-content/plugins/elementor/includes/base/element-base.php(464): Elementor\Element_Base->print_content()
#11 /var/www/html/wp-content/plugins/elementor/includes/base/element-base.php(1375): Elementor\Element_Base->print_element()
#12 /var/www/html/wp-content/plugins/elementor/includes/base/element-base.php(464): Elementor\Element_Base->print_content()
#13 /var/www/html/wp-content/plugins/elementor/core/base/document.php(1739): Elementor\Element_Base->print_element()
#14 /var/www/html/wp-content/plugins/elementor/core/base/document.php(1134): Elementor\Core\Base\Document->print_elements(Array)
#15 /var/www/html/wp-content/plugins/elementor/includes/frontend.php(1179): Elementor\Core\Base\Document->print_elements_with_wrapper(Array)
#16 /var/www/html/wp-content/plugins/elementor/includes/frontend.php(1247): Elementor\Frontend->get_builder_content(354, false)
#17 /var/www/html/wp-content/plugins/royal-elementor-addons/classes/utilities.php(440): Elementor\Frontend->get_builder_content_for_display(354, false)
#18 /var/www/html/wp-content/plugins/royal-elementor-addons/admin/includes/wpr-render-templates.php(163): WprAddons\Classes\Utilities::render_elementor_template('user-footer-eco...')
#19 /var/www/html/wp-includes/class-wp-hook.php(310): WprAddons\Admin\Includes\WPR_Render_Templates->add_canvas_footer('')
#20 /var/www/html/wp-includes/class-wp-hook.php(334): WP_Hook->apply_filters('', Array)
#21 /var/www/html/wp-includes/plugin.php(517): WP_Hook->do_action(Array)
#22 /var/www/html/wp-content/plugins/royal-elementor-addons/admin/templates/wpr-canvas.php(61): do_action('elementor/page_...')
#23 /var/www/html/wp-includes/template-loader.php(106): include('/var/www/html/w...')
#24 /var/www/html/wp-blog-header.php(19): require_once('/var/www/html/w...')
#25 /var/www/html/index.php(17): require('/var/www/html/w...')
#26 {main}
  thrown dans /var/www/html/wp-content/plugins/royal-elementor-addons/modules/instagram-feed/widgets/wpr-instagram-feed.php à la ligne 4950

2023-11-22T03:44:49+00:00 CRITICAL Uncaught Error: Cannot use object of type WP_Error as array in /var/www/html/wp-content/plugins/royal-elementor-addons/modules/instagram-feed/widgets/wpr-instagram-feed.php:4950
Stack trace:
#0 /var/www/html/wp-content/plugins/royal-elementor-addons/modules/instagram-feed/widgets/wpr-instagram-feed.php(5516): WprAddons\Modules\InstagramFeed\Widgets\Wpr_Instagram_Feed->refresh_access_token('IGQVJXQjU0cWYtY...')
#1 /var/www/html/wp-content/plugins/elementor/includes/base/controls-stack.php(2265): WprAddons\Modules\InstagramFeed\Widgets\Wpr_Instagram_Feed->render()
#2 /var/www/html/wp-content/plugins/elementor/includes/base/widget-base.php(609): Elementor\Controls_Stack->render_by_mode()
#3 /var/www/html/wp-content/plugins/elementor/includes/base/widget-base.php(750): Elementor\Widget_Base->render_content()
#4 /var/www/html/wp-content/plugins/elementor/includes/base/element-base.php(464): Elementor\Widget_Base->print_content()
#5 /var/www/html/wp-content/plugins/elementor/includes/base/element-base.php(1375): Elementor\Element_Base->print_element()
#6 /var/www/html/wp-content/plugins/elementor/includes/base/element-base.php(464): Elementor\Element_Base->print_content()
#7 /var/www/html/wp-content/plugins/elementor/includes/base/element-base.php(1375): Elementor\Element_Base->print_element()
#8 /var/www/html/wp-content/plugins/elementor/includes/base/element-base.php(464): Elementor\Element_Base->print_content()
#9 /var/www/html/wp-content/plugins/elementor/includes/base/element-base.php(1375): Elementor\Element_Base->print_element()
#10 /var/www/html/wp-content/plugins/elementor/includes/base/element-base.php(464): Elementor\Element_Base->print_content()
#11 /var/www/html/wp-content/plugins/elementor/includes/base/element-base.php(1375): Elementor\Element_Base->print_element()
#12 /var/www/html/wp-content/plugins/elementor/includes/base/element-base.php(464): Elementor\Element_Base->print_content()
#13 /var/www/html/wp-content/plugins/elementor/core/base/document.php(1739): Elementor\Element_Base->print_element()
#14 /var/www/html/wp-content/plugins/elementor/core/base/document.php(1134): Elementor\Core\Base\Document->print_elements(Array)
#15 /var/www/html/wp-content/plugins/elementor/includes/frontend.php(1179): Elementor\Core\Base\Document->print_elements_with_wrapper(Array)
#16 /var/www/html/wp-content/plugins/elementor/includes/frontend.php(1247): Elementor\Frontend->get_builder_content(354, false)
#17 /var/www/html/wp-content/plugins/royal-elementor-addons/classes/utilities.php(440): Elementor\Frontend->get_builder_content_for_display(354, false)
#18 /var/www/html/wp-content/plugins/royal-elementor-addons/admin/includes/wpr-render-templates.php(163): WprAddons\Classes\Utilities::render_elementor_template('user-footer-eco...')
#19 /var/www/html/wp-includes/class-wp-hook.php(310): WprAddons\Admin\Includes\WPR_Render_Templates->add_canvas_footer('')
#20 /var/www/html/wp-includes/class-wp-hook.php(334): WP_Hook->apply_filters('', Array)
#21 /var/www/html/wp-includes/plugin.php(517): WP_Hook->do_action(Array)
#22 /var/www/html/wp-content/plugins/royal-elementor-addons/admin/templates/wpr-canvas.php(61): do_action('elementor/page_...')
#23 /var/www/html/wp-includes/template-loader.php(106): include('/var/www/html/w...')
#24 /var/www/html/wp-blog-header.php(19): require_once('/var/www/html/w...')
#25 /var/www/html/index.php(17): require('/var/www/html/w...')
#26 {main}
  thrown dans /var/www/html/wp-content/plugins/royal-elementor-addons/modules/instagram-feed/widgets/wpr-instagram-feed.php à la ligne 4950

2023-11-22T03:45:05+00:00 CRITICAL Uncaught Error: Cannot use object of type WP_Error as array in /var/www/html/wp-content/plugins/royal-elementor-addons/modules/instagram-feed/widgets/wpr-instagram-feed.php:4950
Stack trace:
#0 /var/www/html/wp-content/plugins/royal-elementor-addons/modules/instagram-feed/widgets/wpr-instagram-feed.php(5516): WprAddons\Modules\InstagramFeed\Widgets\Wpr_Instagram_Feed->refresh_access_token('IGQVJXQjU0cWYtY...')
#1 /var/www/html/wp-content/plugins/elementor/includes/base/controls-stack.php(2265): WprAddons\Modules\InstagramFeed\Widgets\Wpr_Instagram_Feed->render()
#2 /var/www/html/wp-content/plugins/elementor/includes/base/widget-base.php(609): Elementor\Controls_Stack->render_by_mode()
#3 /var/www/html/wp-content/plugins/elementor/includes/base/widget-base.php(750): Elementor\Widget_Base->render_content()
#4 /var/www/html/wp-content/plugins/elementor/includes/base/element-base.php(464): Elementor\Widget_Base->print_content()
#5 /var/www/html/wp-content/plugins/elementor/includes/base/element-base.php(1375): Elementor\Element_Base->print_element()
#6 /var/www/html/wp-content/plugins/elementor/includes/base/element-base.php(464): Elementor\Element_Base->print_content()
#7 /var/www/html/wp-content/plugins/elementor/includes/base/element-base.php(1375): Elementor\Element_Base->print_element()
#8 /var/www/html/wp-content/plugins/elementor/includes/base/element-base.php(464): Elementor\Element_Base->print_content()
#9 /var/www/html/wp-content/plugins/elementor/includes/base/element-base.php(1375): Elementor\Element_Base->print_element()
#10 /var/www/html/wp-content/plugins/elementor/includes/base/element-base.php(464): Elementor\Element_Base->print_content()
#11 /var/www/html/wp-content/plugins/elementor/includes/base/element-base.php(1375): Elementor\Element_Base->print_element()
#12 /var/www/html/wp-content/plugins/elementor/includes/base/element-base.php(464): Elementor\Element_Base->print_content()
#13 /var/www/html/wp-content/plugins/elementor/core/base/document.php(1739): Elementor\Element_Base->print_element()
#14 /var/www/html/wp-content/plugins/elementor/core/base/document.php(1134): Elementor\Core\Base\Document->print_elements(Array)
#15 /var/www/html/wp-content/plugins/elementor/includes/frontend.php(1179): Elementor\Core\Base\Document->print_elements_with_wrapper(Array)
#16 /var/www/html/wp-content/plugins/elementor/includes/frontend.php(1247): Elementor\Frontend->get_builder_content(354, false)
#17 /var/www/html/wp-content/plugins/royal-elementor-addons/classes/utilities.php(440): Elementor\Frontend->get_builder_content_for_display(354, false)
#18 /var/www/html/wp-content/plugins/royal-elementor-addons/admin/includes/wpr-render-templates.php(163): WprAddons\Classes\Utilities::render_elementor_template('user-footer-eco...')
#19 /var/www/html/wp-includes/class-wp-hook.php(310): WprAddons\Admin\Includes\WPR_Render_Templates->add_canvas_footer('')
#20 /var/www/html/wp-includes/class-wp-hook.php(334): WP_Hook->apply_filters('', Array)
#21 /var/www/html/wp-includes/plugin.php(517): WP_Hook->do_action(Array)
#22 /var/www/html/wp-content/plugins/royal-elementor-addons/admin/templates/wpr-canvas.php(61): do_action('elementor/page_...')
#23 /var/www/html/wp-includes/template-loader.php(106): include('/var/www/html/w...')
#24 /var/www/html/wp-blog-header.php(19): require_once('/var/www/html/w...')
#25 /var/www/html/index.php(17): require('/var/www/html/w...')
#26 {main}
  thrown dans /var/www/html/wp-content/plugins/royal-elementor-addons/modules/instagram-feed/widgets/wpr-instagram-feed.php à la ligne 4950

2023-11-22T03:45:46+00:00 CRITICAL Uncaught Error: Cannot use object of type WP_Error as array in /var/www/html/wp-content/plugins/royal-elementor-addons/modules/instagram-feed/widgets/wpr-instagram-feed.php:4950
Stack trace:
#0 /var/www/html/wp-content/plugins/royal-elementor-addons/modules/instagram-feed/widgets/wpr-instagram-feed.php(5516): WprAddons\Modules\InstagramFeed\Widgets\Wpr_Instagram_Feed->refresh_access_token('IGQVJXQjU0cWYtY...')
#1 /var/www/html/wp-content/plugins/elementor/includes/base/controls-stack.php(2265): WprAddons\Modules\InstagramFeed\Widgets\Wpr_Instagram_Feed->render()
#2 /var/www/html/wp-content/plugins/elementor/includes/base/widget-base.php(609): Elementor\Controls_Stack->render_by_mode()
#3 /var/www/html/wp-content/plugins/elementor/includes/base/widget-base.php(750): Elementor\Widget_Base->render_content()
#4 /var/www/html/wp-content/plugins/elementor/includes/base/element-base.php(464): Elementor\Widget_Base->print_content()
#5 /var/www/html/wp-content/plugins/elementor/includes/base/element-base.php(1375): Elementor\Element_Base->print_element()
#6 /var/www/html/wp-content/plugins/elementor/includes/base/element-base.php(464): Elementor\Element_Base->print_content()
#7 /var/www/html/wp-content/plugins/elementor/includes/base/element-base.php(1375): Elementor\Element_Base->print_element()
#8 /var/www/html/wp-content/plugins/elementor/includes/base/element-base.php(464): Elementor\Element_Base->print_content()
#9 /var/www/html/wp-content/plugins/elementor/includes/base/element-base.php(1375): Elementor\Element_Base->print_element()
#10 /var/www/html/wp-content/plugins/elementor/includes/base/element-base.php(464): Elementor\Element_Base->print_content()
#11 /var/www/html/wp-content/plugins/elementor/includes/base/element-base.php(1375): Elementor\Element_Base->print_element()
#12 /var/www/html/wp-content/plugins/elementor/includes/base/element-base.php(464): Elementor\Element_Base->print_content()
#13 /var/www/html/wp-content/plugins/elementor/core/base/document.php(1739): Elementor\Element_Base->print_element()
#14 /var/www/html/wp-content/plugins/elementor/core/base/document.php(1134): Elementor\Core\Base\Document->print_elements(Array)
#15 /var/www/html/wp-content/plugins/elementor/includes/frontend.php(1179): Elementor\Core\Base\Document->print_elements_with_wrapper(Array)
#16 /var/www/html/wp-content/plugins/elementor/includes/frontend.php(1247): Elementor\Frontend->get_builder_content(354, false)
#17 /var/www/html/wp-content/plugins/royal-elementor-addons/classes/utilities.php(440): Elementor\Frontend->get_builder_content_for_display(354, false)
#18 /var/www/html/wp-content/plugins/royal-elementor-addons/admin/includes/wpr-render-templates.php(163): WprAddons\Classes\Utilities::render_elementor_template('user-footer-eco...')
#19 /var/www/html/wp-includes/class-wp-hook.php(310): WprAddons\Admin\Includes\WPR_Render_Templates->add_canvas_footer('')
#20 /var/www/html/wp-includes/class-wp-hook.php(334): WP_Hook->apply_filters('', Array)
#21 /var/www/html/wp-includes/plugin.php(517): WP_Hook->do_action(Array)
#22 /var/www/html/wp-content/plugins/royal-elementor-addons/admin/templates/wpr-canvas.php(61): do_action('elementor/page_...')
#23 /var/www/html/wp-includes/template-loader.php(106): include('/var/www/html/w...')
#24 /var/www/html/wp-blog-header.php(19): require_once('/var/www/html/w...')
#25 /var/www/html/index.php(17): require('/var/www/html/w...')
#26 {main}
  thrown dans /var/www/html/wp-content/plugins/royal-elementor-addons/modules/instagram-feed/widgets/wpr-instagram-feed.php à la ligne 4950

2023-11-22T04:05:06+00:00 CRITICAL Uncaught Error: Cannot use object of type WP_Error as array in /var/www/html/wp-content/plugins/royal-elementor-addons/modules/instagram-feed/widgets/wpr-instagram-feed.php:4950
Stack trace:
#0 /var/www/html/wp-content/plugins/royal-elementor-addons/modules/instagram-feed/widgets/wpr-instagram-feed.php(5516): WprAddons\Modules\InstagramFeed\Widgets\Wpr_Instagram_Feed->refresh_access_token('IGQVJXQjU0cWYtY...')
#1 /var/www/html/wp-content/plugins/elementor/includes/base/controls-stack.php(2265): WprAddons\Modules\InstagramFeed\Widgets\Wpr_Instagram_Feed->render()
#2 /var/www/html/wp-content/plugins/elementor/includes/base/widget-base.php(609): Elementor\Controls_Stack->render_by_mode()
#3 /var/www/html/wp-content/plugins/elementor/includes/base/widget-base.php(750): Elementor\Widget_Base->render_content()
#4 /var/www/html/wp-content/plugins/elementor/includes/base/element-base.php(464): Elementor\Widget_Base->print_content()
#5 /var/www/html/wp-content/plugins/elementor/includes/base/element-base.php(1375): Elementor\Element_Base->print_element()
#6 /var/www/html/wp-content/plugins/elementor/includes/base/element-base.php(464): Elementor\Element_Base->print_content()
#7 /var/www/html/wp-content/plugins/elementor/includes/base/element-base.php(1375): Elementor\Element_Base->print_element()
#8 /var/www/html/wp-content/plugins/elementor/includes/base/element-base.php(464): Elementor\Element_Base->print_content()
#9 /var/www/html/wp-content/plugins/elementor/includes/base/element-base.php(1375): Elementor\Element_Base->print_element()
#10 /var/www/html/wp-content/plugins/elementor/includes/base/element-base.php(464): Elementor\Element_Base->print_content()
#11 /var/www/html/wp-content/plugins/elementor/includes/base/element-base.php(1375): Elementor\Element_Base->print_element()
#12 /var/www/html/wp-content/plugins/elementor/includes/base/element-base.php(464): Elementor\Element_Base->print_content()
#13 /var/www/html/wp-content/plugins/elementor/core/base/document.php(1739): Elementor\Element_Base->print_element()
#14 /var/www/html/wp-content/plugins/elementor/core/base/document.php(1134): Elementor\Core\Base\Document->print_elements(Array)
#15 /var/www/html/wp-content/plugins/elementor/includes/frontend.php(1179): Elementor\Core\Base\Document->print_elements_with_wrapper(Array)
#16 /var/www/html/wp-content/plugins/elementor/includes/frontend.php(1247): Elementor\Frontend->get_builder_content(354, false)
#17 /var/www/html/wp-content/plugins/royal-elementor-addons/classes/utilities.php(440): Elementor\Frontend->get_builder_content_for_display(354, false)
#18 /var/www/html/wp-content/plugins/royal-elementor-addons/admin/includes/wpr-render-templates.php(163): WprAddons\Classes\Utilities::render_elementor_template('user-footer-eco...')
#19 /var/www/html/wp-includes/class-wp-hook.php(310): WprAddons\Admin\Includes\WPR_Render_Templates->add_canvas_footer('')
#20 /var/www/html/wp-includes/class-wp-hook.php(334): WP_Hook->apply_filters('', Array)
#21 /var/www/html/wp-includes/plugin.php(517): WP_Hook->do_action(Array)
#22 /var/www/html/wp-content/plugins/royal-elementor-addons/admin/templates/wpr-canvas.php(61): do_action('elementor/page_...')
#23 /var/www/html/wp-includes/template-loader.php(106): include('/var/www/html/w...')
#24 /var/www/html/wp-blog-header.php(19): require_once('/var/www/html/w...')
#25 /var/www/html/index.php(17): require('/var/www/html/w...')
#26 {main}
  thrown dans /var/www/html/wp-content/plugins/royal-elementor-addons/modules/instagram-feed/widgets/wpr-instagram-feed.php à la ligne 4950

2023-11-22T06:14:02+00:00 CRITICAL Uncaught Error: Cannot use object of type WP_Error as array in /var/www/html/wp-content/plugins/royal-elementor-addons/modules/instagram-feed/widgets/wpr-instagram-feed.php:4950
Stack trace:
#0 /var/www/html/wp-content/plugins/royal-elementor-addons/modules/instagram-feed/widgets/wpr-instagram-feed.php(5516): WprAddons\Modules\InstagramFeed\Widgets\Wpr_Instagram_Feed->refresh_access_token('IGQVJXQjU0cWYtY...')
#1 /var/www/html/wp-content/plugins/elementor/includes/base/controls-stack.php(2265): WprAddons\Modules\InstagramFeed\Widgets\Wpr_Instagram_Feed->render()
#2 /var/www/html/wp-content/plugins/elementor/includes/base/widget-base.php(609): Elementor\Controls_Stack->render_by_mode()
#3 /var/www/html/wp-content/plugins/elementor/includes/base/widget-base.php(750): Elementor\Widget_Base->render_content()
#4 /var/www/html/wp-content/plugins/elementor/includes/base/element-base.php(464): Elementor\Widget_Base->print_content()
#5 /var/www/html/wp-content/plugins/elementor/includes/base/element-base.php(1375): Elementor\Element_Base->print_element()
#6 /var/www/html/wp-content/plugins/elementor/includes/base/element-base.php(464): Elementor\Element_Base->print_content()
#7 /var/www/html/wp-content/plugins/elementor/includes/base/element-base.php(1375): Elementor\Element_Base->print_element()
#8 /var/www/html/wp-content/plugins/elementor/includes/base/element-base.php(464): Elementor\Element_Base->print_content()
#9 /var/www/html/wp-content/plugins/elementor/includes/base/element-base.php(1375): Elementor\Element_Base->print_element()
#10 /var/www/html/wp-content/plugins/elementor/includes/base/element-base.php(464): Elementor\Element_Base->print_content()
#11 /var/www/html/wp-content/plugins/elementor/includes/base/element-base.php(1375): Elementor\Element_Base->print_element()
#12 /var/www/html/wp-content/plugins/elementor/includes/base/element-base.php(464): Elementor\Element_Base->print_content()
#13 /var/www/html/wp-content/plugins/elementor/core/base/document.php(1739): Elementor\Element_Base->print_element()
#14 /var/www/html/wp-content/plugins/elementor/core/base/document.php(1134): Elementor\Core\Base\Document->print_elements(Array)
#15 /var/www/html/wp-content/plugins/elementor/includes/frontend.php(1179): Elementor\Core\Base\Document->print_elements_with_wrapper(Array)
#16 /var/www/html/wp-content/plugins/elementor/includes/frontend.php(1247): Elementor\Frontend->get_builder_content(354, false)
#17 /var/www/html/wp-content/plugins/royal-elementor-addons/classes/utilities.php(440): Elementor\Frontend->get_builder_content_for_display(354, false)
#18 /var/www/html/wp-content/plugins/royal-elementor-addons/admin/includes/wpr-render-templates.php(163): WprAddons\Classes\Utilities::render_elementor_template('user-footer-eco...')
#19 /var/www/html/wp-includes/class-wp-hook.php(310): WprAddons\Admin\Includes\WPR_Render_Templates->add_canvas_footer('')
#20 /var/www/html/wp-includes/class-wp-hook.php(334): WP_Hook->apply_filters('', Array)
#21 /var/www/html/wp-includes/plugin.php(517): WP_Hook->do_action(Array)
#22 /var/www/html/wp-content/plugins/elementor/modules/page-templates/templates/canvas.php(47): do_action('elementor/page_...')
#23 /var/www/html/wp-includes/template-loader.php(106): include('/var/www/html/w...')
#24 /var/www/html/wp-blog-header.php(19): require_once('/var/www/html/w...')
#25 /var/www/html/index.php(17): require('/var/www/html/w...')
#26 {main}
  thrown dans /var/www/html/wp-content/plugins/royal-elementor-addons/modules/instagram-feed/widgets/wpr-instagram-feed.php à la ligne 4950

2023-11-22T06:34:14+00:00 CRITICAL Uncaught Error: Cannot use object of type WP_Error as array in /var/www/html/wp-content/plugins/royal-elementor-addons/modules/instagram-feed/widgets/wpr-instagram-feed.php:4950
Stack trace:
#0 /var/www/html/wp-content/plugins/royal-elementor-addons/modules/instagram-feed/widgets/wpr-instagram-feed.php(5516): WprAddons\Modules\InstagramFeed\Widgets\Wpr_Instagram_Feed->refresh_access_token('IGQVJXQjU0cWYtY...')
#1 /var/www/html/wp-content/plugins/elementor/includes/base/controls-stack.php(2265): WprAddons\Modules\InstagramFeed\Widgets\Wpr_Instagram_Feed->render()
#2 /var/www/html/wp-content/plugins/elementor/includes/base/widget-base.php(609): Elementor\Controls_Stack->render_by_mode()
#3 /var/www/html/wp-content/plugins/elementor/includes/base/widget-base.php(750): Elementor\Widget_Base->render_content()
#4 /var/www/html/wp-content/plugins/elementor/includes/base/element-base.php(464): Elementor\Widget_Base->print_content()
#5 /var/www/html/wp-content/plugins/elementor/includes/base/element-base.php(1375): Elementor\Element_Base->print_element()
#6 /var/www/html/wp-content/plugins/elementor/includes/base/element-base.php(464): Elementor\Element_Base->print_content()
#7 /var/www/html/wp-content/plugins/elementor/includes/base/element-base.php(1375): Elementor\Element_Base->print_element()
#8 /var/www/html/wp-content/plugins/elementor/includes/base/element-base.php(464): Elementor\Element_Base->print_content()
#9 /var/www/html/wp-content/plugins/elementor/includes/base/element-base.php(1375): Elementor\Element_Base->print_element()
#10 /var/www/html/wp-content/plugins/elementor/includes/base/element-base.php(464): Elementor\Element_Base->print_content()
#11 /var/www/html/wp-content/plugins/elementor/includes/base/element-base.php(1375): Elementor\Element_Base->print_element()
#12 /var/www/html/wp-content/plugins/elementor/includes/base/element-base.php(464): Elementor\Element_Base->print_content()
#13 /var/www/html/wp-content/plugins/elementor/core/base/document.php(1739): Elementor\Element_Base->print_element()
#14 /var/www/html/wp-content/plugins/elementor/core/base/document.php(1134): Elementor\Core\Base\Document->print_elements(Array)
#15 /var/www/html/wp-content/plugins/elementor/includes/frontend.php(1179): Elementor\Core\Base\Document->print_elements_with_wrapper(Array)
#16 /var/www/html/wp-content/plugins/elementor/includes/frontend.php(1247): Elementor\Frontend->get_builder_content(354, false)
#17 /var/www/html/wp-content/plugins/royal-elementor-addons/classes/utilities.php(440): Elementor\Frontend->get_builder_content_for_display(354, false)
#18 /var/www/html/wp-content/plugins/royal-elementor-addons/admin/includes/wpr-render-templates.php(163): WprAddons\Classes\Utilities::render_elementor_template('user-footer-eco...')
#19 /var/www/html/wp-includes/class-wp-hook.php(310): WprAddons\Admin\Includes\WPR_Render_Templates->add_canvas_footer('')
#20 /var/www/html/wp-includes/class-wp-hook.php(334): WP_Hook->apply_filters('', Array)
#21 /var/www/html/wp-includes/plugin.php(517): WP_Hook->do_action(Array)
#22 /var/www/html/wp-content/plugins/elementor/modules/page-templates/templates/canvas.php(47): do_action('elementor/page_...')
#23 /var/www/html/wp-includes/template-loader.php(106): include('/var/www/html/w...')
#24 /var/www/html/wp-blog-header.php(19): require_once('/var/www/html/w...')
#25 /var/www/html/index.php(17): require('/var/www/html/w...')
#26 {main}
  thrown dans /var/www/html/wp-content/plugins/royal-elementor-addons/modules/instagram-feed/widgets/wpr-instagram-feed.php à la ligne 4950

